<?xml version="1.0" encoding="UTF-8"?>
<testsuite name="co.paan.service.impl.PostServiceImplTest" tests="1" skipped="0" failures="0" errors="0" timestamp="2015-11-26T16:37:59" hostname="MBP-de-KODJOVI.lan" time="0.294">
  <properties/>
  <testcase name="testFindByTagsName" classname="co.paan.service.impl.PostServiceImplTest" time="0.294"/>
  <system-out><![CDATA[17:37:56.592 [Test worker] DEBUG o.s.t.c.j.SpringJUnit4ClassRunner - SpringJUnit4ClassRunner constructor called with [class co.paan.service.impl.PostServiceImplTest].
17:37:56.605 [Test worker] DEBUG o.s.test.context.BootstrapUtils - Instantiating TestContextBootstrapper from class [org.springframework.test.context.support.DefaultTestContextBootstrapper]
17:37:56.615 [Test worker] DEBUG o.s.t.c.s.DefaultTestContextBootstrapper - Found explicit ContextLoader class [org.springframework.boot.test.SpringApplicationContextLoader] for context configuration attributes [ContextConfigurationAttributes@6d4486ad declaringClass = 'co.paan.service.impl.PostServiceImplTest', classes = '{class co.paan.application.Application}', locations = '{}', inheritLocations = true, initializers = '{}', inheritInitializers = true, name = [null], contextLoaderClass = 'org.springframework.boot.test.SpringApplicationContextLoader']
17:37:56.619 [Test worker] DEBUG o.s.t.c.support.ActiveProfilesUtils - Could not find an 'annotation declaring class' for annotation type [org.springframework.test.context.ActiveProfiles] and class [co.paan.service.impl.PostServiceImplTest]
17:37:56.622 [Test worker] DEBUG o.s.t.c.s.DefaultTestContextBootstrapper - @TestExecutionListeners is not present for class [co.paan.service.impl.PostServiceImplTest]: using defaults.
17:37:56.629 [Test worker] INFO  o.s.t.c.s.DefaultTestContextBootstrapper - Loaded default TestExecutionListener class names from location [META-INF/spring.factories]: [org.springframework.test.context.web.ServletTestExecutionListener, org.springframework.test.context.support.DependencyInjectionTestExecutionListener, org.springframework.test.context.support.DirtiesContextTestExecutionListener, org.springframework.test.context.transaction.TransactionalTestExecutionListener, org.springframework.test.context.jdbc.SqlScriptsTestExecutionListener]
17:37:56.641 [Test worker] INFO  o.s.t.c.s.DefaultTestContextBootstrapper - Using TestExecutionListeners: [org.springframework.test.context.web.ServletTestExecutionListener@63165edf, org.springframework.test.context.support.DependencyInjectionTestExecutionListener@12c44f2f, org.springframework.test.context.support.DirtiesContextTestExecutionListener@5d3e0f42, org.springframework.test.context.transaction.TransactionalTestExecutionListener@6d2a92e3, org.springframework.test.context.jdbc.SqlScriptsTestExecutionListener@3c1bd93f]
17:37:56.642 [Test worker] DEBUG o.s.t.annotation.ProfileValueUtils - Retrieved @ProfileValueSourceConfiguration [null] for test class [co.paan.service.impl.PostServiceImplTest]
17:37:56.643 [Test worker] DEBUG o.s.t.annotation.ProfileValueUtils - Retrieved ProfileValueSource type [class org.springframework.test.annotation.SystemProfileValueSource] for class [co.paan.service.impl.PostServiceImplTest]
17:37:56.644 [Test worker] DEBUG o.s.t.annotation.ProfileValueUtils - Retrieved @ProfileValueSourceConfiguration [null] for test class [co.paan.service.impl.PostServiceImplTest]
17:37:56.644 [Test worker] DEBUG o.s.t.annotation.ProfileValueUtils - Retrieved ProfileValueSource type [class org.springframework.test.annotation.SystemProfileValueSource] for class [co.paan.service.impl.PostServiceImplTest]
17:37:56.645 [Test worker] DEBUG o.s.t.annotation.ProfileValueUtils - Retrieved @ProfileValueSourceConfiguration [null] for test class [co.paan.service.impl.PostServiceImplTest]
17:37:56.645 [Test worker] DEBUG o.s.t.annotation.ProfileValueUtils - Retrieved ProfileValueSource type [class org.springframework.test.annotation.SystemProfileValueSource] for class [co.paan.service.impl.PostServiceImplTest]
17:37:56.646 [Test worker] DEBUG o.s.t.annotation.ProfileValueUtils - Retrieved @ProfileValueSourceConfiguration [null] for test class [co.paan.service.impl.PostServiceImplTest]
17:37:56.646 [Test worker] DEBUG o.s.t.annotation.ProfileValueUtils - Retrieved ProfileValueSource type [class org.springframework.test.annotation.SystemProfileValueSource] for class [co.paan.service.impl.PostServiceImplTest]
17:37:56.648 [Test worker] DEBUG o.s.t.c.s.DependencyInjectionTestExecutionListener - Performing dependency injection for test context [[DefaultTestContext@55fca0b testClass = PostServiceImplTest, testInstance = co.paan.service.impl.PostServiceImplTest@569ba2ec, testMethod = [null], testException = [null], mergedContextConfiguration = [MergedContextConfiguration@56d9b99 testClass = PostServiceImplTest, locations = '{}', classes = '{class co.paan.application.Application}', contextInitializerClasses = '[]', activeProfiles = '{}', propertySourceLocations = '{}', propertySourceProperties = '{}', contextLoader = 'org.springframework.boot.test.SpringApplicationContextLoader', parent = [null]]]].
17:37:56.700 [Test worker] DEBUG o.s.core.env.StandardEnvironment - Adding [systemProperties] PropertySource with lowest search precedence
17:37:56.701 [Test worker] DEBUG o.s.core.env.StandardEnvironment - Adding [systemEnvironment] PropertySource with lowest search precedence
17:37:56.701 [Test worker] DEBUG o.s.core.env.StandardEnvironment - Initialized StandardEnvironment with PropertySources [systemProperties,systemEnvironment]
17:37:56.702 [Test worker] DEBUG o.s.core.env.StandardEnvironment - Adding [integrationTest] PropertySource with search precedence immediately lower than [systemEnvironment]

  .   ____          _            __ _ _
 /\\ / ___'_ __ _ _(_)_ __  __ _ \ \ \ \
( ( )\___ | '_ | '_| | '_ \/ _` | \ \ \ \
 \\/  ___)| |_)| | | | | || (_| |  ) ) ) )
  '  |____| .__|_| |_|_| |_\__, | / / / /
 =========|_|==============|___/=/_/_/_/
 :: Spring Boot ::        (v1.2.0.RELEASE)

2015-11-26 17:37:56.869  INFO 22946 --- [    Test worker] o.s.boot.SpringApplication               : Starting application on MBP-de-KODJOVI.lan with PID 22946 (/Users/kodjovi1/.gradle/caches/modules-2/files-2.1/org.springframework.boot/spring-boot/1.2.0.RELEASE/78ab52b3b5ec74ee88c608719f26989fbdf7ee5b/spring-boot-1.2.0.RELEASE.jar started by kodjovi1 in /Users/kodjovi1/Downloads/spring-data-elasticsearch-sample-master)
2015-11-26 17:37:56.893  INFO 22946 --- [    Test worker] s.c.a.AnnotationConfigApplicationContext : Refreshing org.springframework.context.annotation.AnnotationConfigApplicationContext@3e6ba5ae: startup date [Thu Nov 26 17:37:56 CET 2015]; root of context hierarchy
2015-11-26 17:37:57.381  INFO 22946 --- [    Test worker] o.s.b.f.s.DefaultListableBeanFactory     : Overriding bean definition for bean 'elasticsearchTemplate': replacing [Root bean: class [null]; scope=; abstract=false; lazyInit=false; autowireMode=3; dependencyCheck=0; autowireCandidate=true; primary=false; factoryBeanName=elasticsearchConfiguration; factoryMethodName=elasticsearchTemplate; initMethodName=null; destroyMethodName=(inferred); defined in class path resource [co/paan/configuration/ElasticsearchConfiguration.class]] with [Root bean: class [null]; scope=; abstract=false; lazyInit=false; autowireMode=3; dependencyCheck=0; autowireCandidate=true; primary=false; factoryBeanName=org.springframework.boot.autoconfigure.elasticsearch.ElasticsearchDataAutoConfiguration; factoryMethodName=elasticsearchTemplate; initMethodName=null; destroyMethodName=(inferred); defined in class path resource [org/springframework/boot/autoconfigure/elasticsearch/ElasticsearchDataAutoConfiguration.class]]
2015-11-26 17:37:57.572  INFO 22946 --- [    Test worker] trationDelegate$BeanPostProcessorChecker : Bean 'org.springframework.boot.autoconfigure.dao.PersistenceExceptionTranslationAutoConfiguration' of type [class org.springframework.boot.autoconfigure.dao.PersistenceExceptionTranslationAutoConfiguration] is not eligible for getting processed by all BeanPostProcessors (for example: not eligible for auto-proxying)
2015-11-26 17:37:57.687  INFO 22946 --- [    Test worker] org.elasticsearch.plugins                : [Agron] loaded [], sites []
2015-11-26 17:37:58.303  INFO 22946 --- [    Test worker] org.elasticsearch.node                   : [Rafferty] version[1.3.2], pid[22946], build[dee175d/2014-08-13T14:29:30Z]
2015-11-26 17:37:58.303  INFO 22946 --- [    Test worker] org.elasticsearch.node                   : [Rafferty] initializing ...
2015-11-26 17:37:58.303  INFO 22946 --- [    Test worker] org.elasticsearch.plugins                : [Rafferty] loaded [], sites []
2015-11-26 17:37:59.078  INFO 22946 --- [    Test worker] org.elasticsearch.node                   : [Rafferty] initialized
2015-11-26 17:37:59.078  INFO 22946 --- [    Test worker] org.elasticsearch.node                   : [Rafferty] starting ...
2015-11-26 17:37:59.083  INFO 22946 --- [    Test worker] org.elasticsearch.transport              : [Rafferty] bound_address {local[1]}, publish_address {local[1]}
2015-11-26 17:37:59.089  INFO 22946 --- [    Test worker] org.elasticsearch.discovery              : [Rafferty] elasticsearch/aFwgi9guQ2GXqwc-gx16Gg
2015-11-26 17:37:59.090  INFO 22946 --- [pdateTask][T#1]] org.elasticsearch.cluster.service        : [Rafferty] new_master [Rafferty][aFwgi9guQ2GXqwc-gx16Gg][MBP-de-KODJOVI.lan][local[1]]{local=true}, reason: local-disco-initial_connect(master)
2015-11-26 17:37:59.099  INFO 22946 --- [    Test worker] org.elasticsearch.node                   : [Rafferty] started
2015-11-26 17:37:59.114  INFO 22946 --- [pdateTask][T#1]] org.elasticsearch.gateway                : [Rafferty] recovered [0] indices into cluster_state
2015-11-26 17:37:59.653  INFO 22946 --- [    Test worker] o.s.boot.SpringApplication               : Started application in 2.95 seconds (JVM running for 3.646)
]]></system-out>
  <system-err><![CDATA[]]></system-err>
</testsuite>
